{
  "stats": {
    "suites": 1,
    "tests": 1,
    "passes": 1,
    "pending": 0,
    "failures": 0,
    "start": "2024-02-16T05:36:51.220Z",
    "end": "2024-02-16T05:37:18.118Z",
    "duration": 26898,
    "testsRegistered": 1,
    "passPercent": 100,
    "pendingPercent": 0,
    "other": 0,
    "hasOther": false,
    "skipped": 0,
    "hasSkipped": false
  },
  "results": [
    {
      "uuid": "02eed756-132b-4a76-8268-d6f6722c78dc",
      "title": "",
      "fullFile": "cypress\\e2e\\autoFill.cy.ts",
      "file": "cypress\\e2e\\autoFill.cy.ts",
      "beforeHooks": [],
      "afterHooks": [],
      "tests": [],
      "suites": [
        {
          "uuid": "1fb64507-19a4-4f3c-b99f-6f66f2a7fb10",
          "title": "AUTOFILL ",
          "fullFile": "",
          "file": "",
          "beforeHooks": [],
          "afterHooks": [],
          "tests": [
            {
              "title": "verify that auto fill is working",
              "fullTitle": "AUTOFILL  verify that auto fill is working",
              "timedOut": null,
              "duration": 5159,
              "state": "passed",
              "speed": "medium",
              "pass": true,
              "fail": false,
              "pending": false,
              "context": "{\n  \"title\": \"cypress-mochawesome-reporter-screenshots\",\n  \"value\": [\n    [\n      \"\\\\autoFill.cy.ts\\\\AUTOFILL -- verify that auto fill is working (failed).png\"\n    ],\n    [\n      \"\\\\autoFill.cy.ts\\\\AUTOFILL -- verify that auto fill is working (failed) (attempt 2).png\"\n    ],\n    []\n  ]\n}",
              "code": "AutoFill_1.autoFill.autoComplete();",
              "err": {},
              "uuid": "cd43c7a1-ce72-45bc-9924-916d2501b972",
              "parentUUID": "1fb64507-19a4-4f3c-b99f-6f66f2a7fb10",
              "isHook": false,
              "skipped": false
            }
          ],
          "suites": [],
          "passes": [
            "cd43c7a1-ce72-45bc-9924-916d2501b972"
          ],
          "failures": [],
          "pending": [],
          "skipped": [],
          "duration": 5159,
          "root": false,
          "rootEmpty": false,
          "_timeout": 2000
        }
      ],
      "passes": [],
      "failures": [],
      "pending": [],
      "skipped": [],
      "duration": 0,
      "root": true,
      "rootEmpty": true,
      "_timeout": 2000
    }
  ],
  "meta": {
    "mocha": {
      "version": "7.0.1"
    },
    "mochawesome": {
      "options": {
        "quiet": false,
        "reportFilename": "mochawesome",
        "saveHtml": false,
        "saveJson": true,
        "consoleReporter": "spec",
        "useInlineDiffs": false,
        "code": true
      },
      "version": "7.1.3"
    },
    "marge": {
      "options": {
        "charts": true,
        "reportPageTitle": "LecturePASV",
        "embeddedScreenshots": true,
        "inlineAssets": true,
        "saveAllAttempts": false,
        "overwrite": false,
        "html": false,
        "json": true,
        "reportDir": "cypress\\reports\\html\\.jsons"
      },
      "version": "6.2.0"
    }
  }
}